# JRE version: Java(TM) SE Runtime Environment (8.0_102-b14) (build 1.8.0_102-b14)
# Java VM: Java HotSpot(TM) 64-Bit Server VM (25.102-b14 mixed mode bsd-amd64 compressed oops)
Heap:
 PSYoungGen      total 651776K, used 53460K [0x0000000795580000, 0x00000007c0000000, 0x00000007c0000000)
  eden space 606720K, 8% used [0x0000000795580000,0x00000007989b5148,0x00000007ba600000)
  from space 45056K, 0% used [0x00000007bd400000,0x00000007bd400000,0x00000007c0000000)
  to   space 46080K, 0% used [0x00000007ba600000,0x00000007ba600000,0x00000007bd300000)
 ParOldGen       total 93184K, used 42218K [0x0000000740000000, 0x0000000745b00000, 0x0000000795580000)
  object space 93184K, 45% used [0x0000000740000000,0x000000074293a9a8,0x0000000745b00000)
 Metaspace       used 51520K, capacity 52412K, committed 52736K, reserved 1095680K
  class space    used 6361K, capacity 6580K, committed 6656K, reserved 1048576K
GC Heap History (10 events):
Event: 163.083 GC heap before
{Heap before GC invocations=14 (full 3):
 PSYoungGen      total 628736K, used 28298K [0x0000000795580000, 0x00000007be000000, 0x00000007c0000000)
  eden space 598528K, 0% used [0x0000000795580000,0x0000000795580000,0x00000007b9e00000)
  from space 30208K, 93% used [0x00000007b9e00000,0x00000007bb9a29e8,0x00000007bbb80000)
  to   space 33792K, 0% used [0x00000007bbf00000,0x00000007bbf00000,0x00000007be000000)
 ParOldGen       total 93184K, used 51639K [0x0000000740000000, 0x0000000745b00000, 0x0000000795580000)
  object space 93184K, 55% used [0x0000000740000000,0x000000074326de10,0x0000000745b00000)
 Metaspace       used 50850K, capacity 51626K, committed 51840K, reserved 1095680K
  class space    used 6324K, capacity 6513K, committed 6528K, reserved 1048576K
Event: 163.818 GC heap after
Heap after GC invocations=14 (full 3):
 PSYoungGen      total 628736K, used 0K [0x0000000795580000, 0x00000007be000000, 0x00000007c0000000)
  eden space 598528K, 0% used [0x0000000795580000,0x0000000795580000,0x00000007b9e00000)
  from space 30208K, 0% used [0x00000007b9e00000,0x00000007b9e00000,0x00000007bbb80000)
  to   space 33792K, 0% used [0x00000007bbf00000,0x00000007bbf00000,0x00000007be000000)
 ParOldGen       total 93184K, used 54626K [0x0000000740000000, 0x0000000745b00000, 0x0000000795580000)
  object space 93184K, 58% used [0x0000000740000000,0x0000000743558920,0x0000000745b00000)
 Metaspace       used 50850K, capacity 51626K, committed 51840K, reserved 1095680K
  class space    used 6324K, capacity 6513K, committed 6528K, reserved 1048576K
}
Event: 179.007 GC heap before
{Heap before GC invocations=15 (full 3):
 PSYoungGen      total 628736K, used 598528K [0x0000000795580000, 0x00000007be000000, 0x00000007c0000000)
  eden space 598528K, 100% used [0x0000000795580000,0x00000007b9e00000,0x00000007b9e00000)
  from space 30208K, 0% used [0x00000007b9e00000,0x00000007b9e00000,0x00000007bbb80000)
  to   space 33792K, 0% used [0x00000007bbf00000,0x00000007bbf00000,0x00000007be000000)
 ParOldGen       total 93184K, used 54626K [0x0000000740000000, 0x0000000745b00000, 0x0000000795580000)
  object space 93184K, 58% used [0x0000000740000000,0x0000000743558920,0x0000000745b00000)
 Metaspace       used 51169K, capacity 52042K, committed 52224K, reserved 1095680K
  class space    used 6342K, capacity 6559K, committed 6656K, reserved 1048576K
Event: 179.058 GC heap after
Heap after GC invocations=15 (full 3):
 PSYoungGen      total 629760K, used 26783K [0x0000000795580000, 0x00000007c0000000, 0x00000007c0000000)
  eden space 595968K, 0% used [0x0000000795580000,0x0000000795580000,0x00000007b9b80000)
  from space 33792K, 79% used [0x00000007bbf00000,0x00000007bd927eb0,0x00000007be000000)
  to   space 36352K, 0% used [0x00000007b9b80000,0x00000007b9b80000,0x00000007bbf00000)
 ParOldGen       total 93184K, used 54634K [0x0000000740000000, 0x0000000745b00000, 0x0000000795580000)
  object space 93184K, 58% used [0x0000000740000000,0x000000074355a920,0x0000000745b00000)
 Metaspace       used 51169K, capacity 52042K, committed 52224K, reserved 1095680K
  class space    used 6342K, capacity 6559K, committed 6656K, reserved 1048576K
}
Event: 187.579 GC heap before
{Heap before GC invocations=16 (full 3):
 PSYoungGen      total 629760K, used 622751K [0x0000000795580000, 0x00000007c0000000, 0x00000007c0000000)
  eden space 595968K, 100% used [0x0000000795580000,0x00000007b9b80000,0x00000007b9b80000)
  from space 33792K, 79% used [0x00000007bbf00000,0x00000007bd927eb0,0x00000007be000000)
  to   space 36352K, 0% used [0x00000007b9b80000,0x00000007b9b80000,0x00000007bbf00000)
 ParOldGen       total 93184K, used 54634K [0x0000000740000000, 0x0000000745b00000, 0x0000000795580000)
  object space 93184K, 58% used [0x0000000740000000,0x000000074355a920,0x0000000745b00000)
 Metaspace       used 51299K, capacity 52208K, committed 52480K, reserved 1095680K
  class space    used 6349K, capacity 6566K, committed 6656K, reserved 1048576K
Event: 187.643 GC heap after
Heap after GC invocations=16 (full 3):
 PSYoungGen      total 632320K, used 36332K [0x0000000795580000, 0x00000007c0000000, 0x00000007c0000000)
  eden space 595968K, 0% used [0x0000000795580000,0x0000000795580000,0x00000007b9b80000)
  from space 36352K, 99% used [0x00000007b9b80000,0x00000007bbefb2e8,0x00000007bbf00000)
  to   space 45056K, 0% used [0x00000007bd400000,0x00000007bd400000,0x00000007c0000000)
 ParOldGen       total 93184K, used 63758K [0x0000000740000000, 0x0000000745b00000, 0x0000000795580000)
  object space 93184K, 68% used [0x0000000740000000,0x0000000743e43bb8,0x0000000745b00000)
 Metaspace       used 51299K, capacity 52208K, committed 52480K, reserved 1095680K
  class space    used 6349K, capacity 6566K, committed 6656K, reserved 1048576K
}
Event: 581.055 GC heap before
{Heap before GC invocations=17 (full 3):
 PSYoungGen      total 632320K, used 170147K [0x0000000795580000, 0x00000007c0000000, 0x00000007c0000000)
  eden space 595968K, 22% used [0x0000000795580000,0x000000079d82db88,0x00000007b9b80000)
  from space 36352K, 99% used [0x00000007b9b80000,0x00000007bbefb2e8,0x00000007bbf00000)
  to   space 45056K, 0% used [0x00000007bd400000,0x00000007bd400000,0x00000007c0000000)
 ParOldGen       total 93184K, used 63758K [0x0000000740000000, 0x0000000745b00000, 0x0000000795580000)
  object space 93184K, 68% used [0x0000000740000000,0x0000000743e43bb8,0x0000000745b00000)
 Metaspace       used 51469K, capacity 52354K, committed 52480K, reserved 1095680K
  class space    used 6354K, capacity 6570K, committed 6656K, reserved 1048576K
Event: 581.117 GC heap after
Heap after GC invocations=17 (full 3):
 PSYoungGen      total 651776K, used 576K [0x0000000795580000, 0x00000007c0000000, 0x00000007c0000000)
  eden space 606720K, 0% used [0x0000000795580000,0x0000000795580000,0x00000007ba600000)
  from space 45056K, 1% used [0x00000007bd400000,0x00000007bd490000,0x00000007c0000000)
  to   space 46080K, 0% used [0x00000007ba600000,0x00000007ba600000,0x00000007bd300000)
 ParOldGen       total 93184K, used 66323K [0x0000000740000000, 0x0000000745b00000, 0x0000000795580000)
  object space 93184K, 71% used [0x0000000740000000,0x00000007440c4c88,0x0000000745b00000)
 Metaspace       used 51469K, capacity 52354K, committed 52480K, reserved 1095680K
  class space    used 6354K, capacity 6570K, committed 6656K, reserved 1048576K
}
Event: 581.117 GC heap before
{Heap before GC invocations=18 (full 4):
 PSYoungGen      total 651776K, used 576K [0x0000000795580000, 0x00000007c0000000, 0x00000007c0000000)
  eden space 606720K, 0% used [0x0000000795580000,0x0000000795580000,0x00000007ba600000)
  from space 45056K, 1% used [0x00000007bd400000,0x00000007bd490000,0x00000007c0000000)
  to   space 46080K, 0% used [0x00000007ba600000,0x00000007ba600000,0x00000007bd300000)
 ParOldGen       total 93184K, used 66323K [0x0000000740000000, 0x0000000745b00000, 0x0000000795580000)
  object space 93184K, 71% used [0x0000000740000000,0x00000007440c4c88,0x0000000745b00000)
 Metaspace       used 51469K, capacity 52354K, committed 52480K, reserved 1095680K
  class space    used 6354K, capacity 6570K, committed 6656K, reserved 1048576K
Event: 581.881 GC heap after
Heap after GC invocations=18 (full 4):
 PSYoungGen      total 651776K, used 0K [0x0000000795580000, 0x00000007c0000000, 0x00000007c0000000)
  eden space 606720K, 0% used [0x0000000795580000,0x0000000795580000,0x00000007ba600000)
  from space 45056K, 0% used [0x00000007bd400000,0x00000007bd400000,0x00000007c0000000)
  to   space 46080K, 0% used [0x00000007ba600000,0x00000007ba600000,0x00000007bd300000)
 ParOldGen       total 93184K, used 42218K [0x0000000740000000, 0x0000000745b00000, 0x0000000795580000)
  object space 93184K, 45% used [0x0000000740000000,0x000000074293a9a8,0x0000000745b00000)
 Metaspace       used 51469K, capacity 52354K, committed 52480K, reserved 1095680K
  class space    used 6354K, capacity 6570K, committed 6656K, reserved 1048576K
}

